nota_beta/build/outputs/logs/manifest-merger-debug-report.txt
-- Merging decision tree log ---
manifest
ADDED from CS408-CSProject/nota_beta/AndroidManifest.xml:1:1-71:12
INJECTED from CS408-CSProject/nota_beta/AndroidManifest.xml:1:1-71:12
INJECTED from CS408-CSProject/nota_beta/AndroidManifest.xml:1:1-71:12
MERGED from [com.android.support:support-v13:27.1.1] AndroidManifest.xml:17:1-22:12
MERGED from [com.android.support:support-v4:27.1.1] AndroidManifest.xml:17:1-22:12
MERGED from [com.android.support:support-media-compat:27.1.1] AndroidManifest.xml:17:1-22:12
MERGED from [com.android.support:support-fragment:27.1.1] AndroidManifest.xml:17:1-22:12
MERGED from [com.android.support:support-core-ui:27.1.1] AndroidManifest.xml:17:1-22:12
MERGED from [com.android.support:support-core-utils:27.1.1] AndroidManifest.xml:17:1-22:12
MERGED from [com.android.support:support-compat:27.1.1] AndroidManifest.xml:17:1-22:12
MERGED from [android.arch.lifecycle:runtime:1.1.0] AndroidManifest.xml:17:1-22:12
MERGED from [android.arch.lifecycle:livedata-core:1.1.0] AndroidManifest.xml:17:1-22:12
MERGED from [android.arch.lifecycle:viewmodel:1.1.0] AndroidManifest.xml:17:1-22:12
MERGED from [android.arch.core:runtime:1.1.0] AndroidManifest.xml:17:1-22:12
INJECTED from CS408-CSProject/nota_beta/AndroidManifest.xml:1:1-71:12
INJECTED from CS408-CSProject/nota_beta/AndroidManifest.xml:1:1-71:12
	package
		ADDED from CS408-CSProject/nota_beta/AndroidManifest.xml:2:5-31
	android:versionName
		INJECTED from CS408-CSProject/nota_beta/AndroidManifest.xml
		ADDED from CS408-CSProject/nota_beta/AndroidManifest.xml:1:1-71:12
		INJECTED from CS408-CSProject/nota_beta/AndroidManifest.xml
	xmlns:android
		ADDED from CS408-CSProject/nota_beta/AndroidManifest.xml:1:11-69
	android:versionCode
		ADDED from CS408-CSProject/nota_beta/AndroidManifest.xml:3:5-29
		INJECTED from CS408-CSProject/nota_beta/AndroidManifest.xml
		INJECTED from CS408-CSProject/nota_beta/AndroidManifest.xml
uses-sdk
ADDED from CS408-CSProject/nota_beta/AndroidManifest.xml:5:5-7:41
INJECTED from CS408-CSProject/nota_beta/AndroidManifest.xml:5:5-7:41
INJECTED from CS408-CSProject/nota_beta/AndroidManifest.xml:5:5-7:41
MERGED from [com.android.support:support-v13:27.1.1] AndroidManifest.xml:20:5-44
MERGED from [com.android.support:support-v13:27.1.1] AndroidManifest.xml:20:5-44
MERGED from [com.android.support:support-v4:27.1.1] AndroidManifest.xml:20:5-44
MERGED from [com.android.support:support-v4:27.1.1] AndroidManifest.xml:20:5-44
MERGED from [com.android.support:support-media-compat:27.1.1] AndroidManifest.xml:20:5-44
MERGED from [com.android.support:support-media-compat:27.1.1] AndroidManifest.xml:20:5-44
MERGED from [com.android.support:support-fragment:27.1.1] AndroidManifest.xml:20:5-44
MERGED from [com.android.support:support-fragment:27.1.1] AndroidManifest.xml:20:5-44
MERGED from [com.android.support:support-core-ui:27.1.1] AndroidManifest.xml:20:5-44
MERGED from [com.android.support:support-core-ui:27.1.1] AndroidManifest.xml:20:5-44
MERGED from [com.android.support:support-core-utils:27.1.1] AndroidManifest.xml:20:5-44
MERGED from [com.android.support:support-core-utils:27.1.1] AndroidManifest.xml:20:5-44
MERGED from [com.android.support:support-compat:27.1.1] AndroidManifest.xml:20:5-44
MERGED from [com.android.support:support-compat:27.1.1] AndroidManifest.xml:20:5-44
MERGED from [android.arch.lifecycle:runtime:1.1.0] AndroidManifest.xml:20:5-44
MERGED from [android.arch.lifecycle:runtime:1.1.0] AndroidManifest.xml:20:5-44
MERGED from [android.arch.lifecycle:livedata-core:1.1.0] AndroidManifest.xml:20:5-44
MERGED from [android.arch.lifecycle:livedata-core:1.1.0] AndroidManifest.xml:20:5-44
MERGED from [android.arch.lifecycle:viewmodel:1.1.0] AndroidManifest.xml:20:5-44
MERGED from [android.arch.lifecycle:viewmodel:1.1.0] AndroidManifest.xml:20:5-44
MERGED from [android.arch.core:runtime:1.1.0] AndroidManifest.xml:20:5-44
MERGED from [android.arch.core:runtime:1.1.0] AndroidManifest.xml:20:5-44
INJECTED from CS408-CSProject/nota_beta/AndroidManifest.xml:5:5-7:41
INJECTED from CS408-CSProject/nota_beta/AndroidManifest.xml:5:5-7:41
	android:targetSdkVersion
		ADDED from CS408-CSProject/nota_beta/AndroidManifest.xml:7:9-38
		INJECTED from CS408-CSProject/nota_beta/AndroidManifest.xml
		INJECTED from CS408-CSProject/nota_beta/AndroidManifest.xml
	android:minSdkVersion
		ADDED from CS408-CSProject/nota_beta/AndroidManifest.xml:6:9-35
		INJECTED from CS408-CSProject/nota_beta/AndroidManifest.xml
		INJECTED from CS408-CSProject/nota_beta/AndroidManifest.xml
uses-permission#android.permission.WRITE_EXTERNAL_STORAGE
ADDED from CS408-CSProject/nota_beta/AndroidManifest.xml:9:2-78
	android:name
		ADDED from CS408-CSProject/nota_beta/AndroidManifest.xml:9:19-75
uses-permission#android.permission.READ_PHONE_STATE
ADDED from CS408-CSProject/nota_beta/AndroidManifest.xml:10:2-72
	android:name
		ADDED from CS408-CSProject/nota_beta/AndroidManifest.xml:10:19-69
uses-permission#android.permission.RECEIVE_BOOT_COMPLETED
ADDED from CS408-CSProject/nota_beta/AndroidManifest.xml:11:2-77
	android:name
		ADDED from CS408-CSProject/nota_beta/AndroidManifest.xml:11:19-75
uses-permission#android.permission.VIBRATE
ADDED from CS408-CSProject/nota_beta/AndroidManifest.xml:12:2-63
	android:name
		ADDED from CS408-CSProject/nota_beta/AndroidManifest.xml:12:19-60
uses-permission#android.permission.INTERNET
ADDED from CS408-CSProject/nota_beta/AndroidManifest.xml:13:5-67
	android:name
		ADDED from CS408-CSProject/nota_beta/AndroidManifest.xml:13:22-64
uses-permission#android.permission.ACCESS_NETWORK_STATE
ADDED from CS408-CSProject/nota_beta/AndroidManifest.xml:14:5-79
	android:name
		ADDED from CS408-CSProject/nota_beta/AndroidManifest.xml:14:22-76
uses-permission#android.permission.ACCESS_WIFI_STATE
ADDED from CS408-CSProject/nota_beta/AndroidManifest.xml:15:5-76
	android:name
		ADDED from CS408-CSProject/nota_beta/AndroidManifest.xml:15:22-73
compatible-screens
ADDED from CS408-CSProject/nota_beta/AndroidManifest.xml:17:2-45:26
screen#small+ldpi
ADDED from CS408-CSProject/nota_beta/AndroidManifest.xml:19:9-75
	android:screenDensity
		ADDED from CS408-CSProject/nota_beta/AndroidManifest.xml:19:44-72
	android:screenSize
		ADDED from CS408-CSProject/nota_beta/AndroidManifest.xml:19:17-43
screen#small+mdpi
ADDED from CS408-CSProject/nota_beta/AndroidManifest.xml:20:9-75
	android:screenDensity
		ADDED from CS408-CSProject/nota_beta/AndroidManifest.xml:20:44-72
	android:screenSize
		ADDED from CS408-CSProject/nota_beta/AndroidManifest.xml:20:17-43
screen#small+hdpi
ADDED from CS408-CSProject/nota_beta/AndroidManifest.xml:21:9-75
	android:screenDensity
		ADDED from CS408-CSProject/nota_beta/AndroidManifest.xml:21:44-72
	android:screenSize
		ADDED from CS408-CSProject/nota_beta/AndroidManifest.xml:21:17-43
screen#small+xhdpi
ADDED from CS408-CSProject/nota_beta/AndroidManifest.xml:22:9-76
	android:screenDensity
		ADDED from CS408-CSProject/nota_beta/AndroidManifest.xml:22:44-73
	android:screenSize
		ADDED from CS408-CSProject/nota_beta/AndroidManifest.xml:22:17-43
screen#small+420
ADDED from CS408-CSProject/nota_beta/AndroidManifest.xml:23:9-74
	android:screenDensity
		ADDED from CS408-CSProject/nota_beta/AndroidManifest.xml:23:44-71
	android:screenSize
		ADDED from CS408-CSProject/nota_beta/AndroidManifest.xml:23:17-43
screen#small+480
ADDED from CS408-CSProject/nota_beta/AndroidManifest.xml:24:9-74
	android:screenDensity
		ADDED from CS408-CSProject/nota_beta/AndroidManifest.xml:24:44-71
	android:screenSize
		ADDED from CS408-CSProject/nota_beta/AndroidManifest.xml:24:17-43
screen#small+560
ADDED from CS408-CSProject/nota_beta/AndroidManifest.xml:25:9-74
	android:screenDensity
		ADDED from CS408-CSProject/nota_beta/AndroidManifest.xml:25:44-71
	android:screenSize
		ADDED from CS408-CSProject/nota_beta/AndroidManifest.xml:25:17-43
screen#small+640
ADDED from CS408-CSProject/nota_beta/AndroidManifest.xml:26:9-74
	android:screenDensity
		ADDED from CS408-CSProject/nota_beta/AndroidManifest.xml:26:44-71
	android:screenSize
		ADDED from CS408-CSProject/nota_beta/AndroidManifest.xml:26:17-43
screen#normal+ldpi
ADDED from CS408-CSProject/nota_beta/AndroidManifest.xml:28:9-76
	android:screenDensity
		ADDED from CS408-CSProject/nota_beta/AndroidManifest.xml:28:45-73
	android:screenSize
		ADDED from CS408-CSProject/nota_beta/AndroidManifest.xml:28:17-44
screen#normal+mdpi
ADDED from CS408-CSProject/nota_beta/AndroidManifest.xml:29:9-76
	android:screenDensity
		ADDED from CS408-CSProject/nota_beta/AndroidManifest.xml:29:45-73
	android:screenSize
		ADDED from CS408-CSProject/nota_beta/AndroidManifest.xml:29:17-44
screen#normal+hdpi
ADDED from CS408-CSProject/nota_beta/AndroidManifest.xml:30:9-76
	android:screenDensity
		ADDED from CS408-CSProject/nota_beta/AndroidManifest.xml:30:45-73
	android:screenSize
		ADDED from CS408-CSProject/nota_beta/AndroidManifest.xml:30:17-44
screen#normal+xhdpi
ADDED from CS408-CSProject/nota_beta/AndroidManifest.xml:31:9-77
	android:screenDensity
		ADDED from CS408-CSProject/nota_beta/AndroidManifest.xml:31:45-74
	android:screenSize
		ADDED from CS408-CSProject/nota_beta/AndroidManifest.xml:31:17-44
screen#normal+420
ADDED from CS408-CSProject/nota_beta/AndroidManifest.xml:32:9-75
	android:screenDensity
		ADDED from CS408-CSProject/nota_beta/AndroidManifest.xml:32:45-72
	android:screenSize
		ADDED from CS408-CSProject/nota_beta/AndroidManifest.xml:32:17-44
screen#normal+480
ADDED from CS408-CSProject/nota_beta/AndroidManifest.xml:33:9-75
	android:screenDensity
		ADDED from CS408-CSProject/nota_beta/AndroidManifest.xml:33:45-72
	android:screenSize
		ADDED from CS408-CSProject/nota_beta/AndroidManifest.xml:33:17-44
screen#normal+560
ADDED from CS408-CSProject/nota_beta/AndroidManifest.xml:34:9-75
	android:screenDensity
		ADDED from CS408-CSProject/nota_beta/AndroidManifest.xml:34:45-72
	android:screenSize
		ADDED from CS408-CSProject/nota_beta/AndroidManifest.xml:34:17-44
screen#normal+640
ADDED from CS408-CSProject/nota_beta/AndroidManifest.xml:35:9-75
	android:screenDensity
		ADDED from CS408-CSProject/nota_beta/AndroidManifest.xml:35:45-72
	android:screenSize
		ADDED from CS408-CSProject/nota_beta/AndroidManifest.xml:35:17-44
screen#large+ldpi
ADDED from CS408-CSProject/nota_beta/AndroidManifest.xml:37:9-75
	android:screenDensity
		ADDED from CS408-CSProject/nota_beta/AndroidManifest.xml:37:44-72
	android:screenSize
		ADDED from CS408-CSProject/nota_beta/AndroidManifest.xml:37:17-43
screen#large+mdpi
ADDED from CS408-CSProject/nota_beta/AndroidManifest.xml:38:9-75
	android:screenDensity
		ADDED from CS408-CSProject/nota_beta/AndroidManifest.xml:38:44-72
	android:screenSize
		ADDED from CS408-CSProject/nota_beta/AndroidManifest.xml:38:17-43
screen#large+hdpi
ADDED from CS408-CSProject/nota_beta/AndroidManifest.xml:39:9-75
	android:screenDensity
		ADDED from CS408-CSProject/nota_beta/AndroidManifest.xml:39:44-72
	android:screenSize
		ADDED from CS408-CSProject/nota_beta/AndroidManifest.xml:39:17-43
screen#large+xhdpi
ADDED from CS408-CSProject/nota_beta/AndroidManifest.xml:40:9-76
	android:screenDensity
		ADDED from CS408-CSProject/nota_beta/AndroidManifest.xml:40:44-73
	android:screenSize
		ADDED from CS408-CSProject/nota_beta/AndroidManifest.xml:40:17-43
screen#large+420
ADDED from CS408-CSProject/nota_beta/AndroidManifest.xml:41:9-74
	android:screenDensity
		ADDED from CS408-CSProject/nota_beta/AndroidManifest.xml:41:44-71
	android:screenSize
		ADDED from CS408-CSProject/nota_beta/AndroidManifest.xml:41:17-43
screen#large+480
ADDED from CS408-CSProject/nota_beta/AndroidManifest.xml:42:9-74
	android:screenDensity
		ADDED from CS408-CSProject/nota_beta/AndroidManifest.xml:42:44-71
	android:screenSize
		ADDED from CS408-CSProject/nota_beta/AndroidManifest.xml:42:17-43
screen#large+560
ADDED from CS408-CSProject/nota_beta/AndroidManifest.xml:43:9-74
	android:screenDensity
		ADDED from CS408-CSProject/nota_beta/AndroidManifest.xml:43:44-71
	android:screenSize
		ADDED from CS408-CSProject/nota_beta/AndroidManifest.xml:43:17-43
screen#large+640
ADDED from CS408-CSProject/nota_beta/AndroidManifest.xml:44:9-74
	android:screenDensity
		ADDED from CS408-CSProject/nota_beta/AndroidManifest.xml:44:44-71
	android:screenSize
		ADDED from CS408-CSProject/nota_beta/AndroidManifest.xml:44:17-43
application
ADDED from CS408-CSProject/nota_beta/AndroidManifest.xml:47:5-70:19
	android:label
		ADDED from CS408-CSProject/nota_beta/AndroidManifest.xml:50:9-45
	android:largeHeap
		ADDED from CS408-CSProject/nota_beta/AndroidManifest.xml:51:9-33
	android:icon
		ADDED from CS408-CSProject/nota_beta/AndroidManifest.xml:49:9-38
	android:allowBackup
		ADDED from CS408-CSProject/nota_beta/AndroidManifest.xml:48:9-35
service#com.notakeyboard.keyboard.NIMService
ADDED from CS408-CSProject/nota_beta/AndroidManifest.xml:53:9-59:19
	android:permission
		ADDED from CS408-CSProject/nota_beta/AndroidManifest.xml:54:18-75
	android:name
		ADDED from CS408-CSProject/nota_beta/AndroidManifest.xml:53:18-53
intent-filter#action:name:android.view.InputMethod
ADDED from CS408-CSProject/nota_beta/AndroidManifest.xml:55:13-57:29
action#android.view.InputMethod
ADDED from CS408-CSProject/nota_beta/AndroidManifest.xml:56:17-67
	android:name
		ADDED from CS408-CSProject/nota_beta/AndroidManifest.xml:56:25-64
meta-data#android.view.im
ADDED from CS408-CSProject/nota_beta/AndroidManifest.xml:58:13-88
	android:resource
		ADDED from CS408-CSProject/nota_beta/AndroidManifest.xml:58:55-85
	android:name
		ADDED from CS408-CSProject/nota_beta/AndroidManifest.xml:58:24-54
activity#com.notakeyboard.preference.PreferencesActivity
ADDED from CS408-CSProject/nota_beta/AndroidManifest.xml:61:9-68:20
	android:screenOrientation
		ADDED from CS408-CSProject/nota_beta/AndroidManifest.xml:63:13-49
	android:name
		ADDED from CS408-CSProject/nota_beta/AndroidManifest.xml:62:13-59
intent-filter#action:name:android.intent.action.MAIN+category:name:android.intent.category.LAUNCHER
ADDED from CS408-CSProject/nota_beta/AndroidManifest.xml:64:13-67:29
action#android.intent.action.MAIN
ADDED from CS408-CSProject/nota_beta/AndroidManifest.xml:65:17-68
	android:name
		ADDED from CS408-CSProject/nota_beta/AndroidManifest.xml:65:25-66
category#android.intent.category.LAUNCHER
ADDED from CS408-CSProject/nota_beta/AndroidManifest.xml:66:17-77
	android:name
		ADDED from CS408-CSProject/nota_beta/AndroidManifest.xml:66:27-74